<?xml version="1.0" encoding="UTF-8"?>
<!-- Generated by org.testng.reporters.JUnitXMLReporter -->
<testsuite hostname="DESKTOP-I34A2MO" ignored="0" name="Edwiser Extra Settings" tests="6" failures="1" timestamp="19 Jun 2020 05:54:10 GMT" time="19.153" errors="0">
  <testcase name="PayPal" time="4.761" classname="com.edwiser.EdwiserBridge.Extras"/>
  <testcase name="licenseTabExtensionsLink" time="2.69" classname="com.edwiser.EdwiserBridge.Extras"/>
  <testcase name="help" time="1.158" classname="com.edwiser.EdwiserBridge.Extras"/>
  <testcase name="CheckExtensionsPageLinks" time="2.509" classname="com.edwiser.EdwiserBridge.Extras"/>
  <testcase name="checkRateUsLink" time="1.206" classname="com.edwiser.EdwiserBridge.Extras"/>
  <testcase name="checkGetHelpLink" time="1.463" classname="com.edwiser.EdwiserBridge.Extras">
    <failure type="java.lang.AssertionError" message="Help FAQs Link is not matching expected [https://edwiser.helpscoutdocs.com] but found [https://knowledgebase.edwiser.org/en/category/edwiser-bridge-plugin-5d8teq/]">
      <![CDATA[java.lang.AssertionError: Help FAQs Link is not matching expected [https://edwiser.helpscoutdocs.com] but found [https://knowledgebase.edwiser.org/en/category/edwiser-bridge-plugin-5d8teq/]
at com.edwiser.EdwiserBridge.Extras.checkGetHelpLink(Extras.java:181)
... Removed 30 stack frames]]>
    </failure>
  </testcase> <!-- checkGetHelpLink -->
</testsuite> <!-- Edwiser Extra Settings -->
