<?xml version="1.0" encoding="UTF-8"?>
<!-- Generated by org.testng.reporters.JUnitXMLReporter -->
<testsuite hostname="DESKTOP-I34A2MO" ignored="0" name="Edwiser Synchronization Settings" tests="5" failures="0" timestamp="19 Jun 2020 06:21:46 GMT" time="90.06" errors="0">
  <testcase name="syncWithOutConnection" time="10.525" classname="com.edwiser.EdwiserBridge.SynchronizationSettings"/>
  <testcase name="syncCourseAsDraft" time="23.754" classname="com.edwiser.EdwiserBridge.SynchronizationSettings"/>
  <testcase name="syncCourseAsPublish" time="16.741" classname="com.edwiser.EdwiserBridge.SynchronizationSettings"/>
  <testcase name="syncCourseCategories" time="9.137" classname="com.edwiser.EdwiserBridge.SynchronizationSettings"/>
  <testcase name="syncUpdateCourses" time="19.268" classname="com.edwiser.EdwiserBridge.SynchronizationSettings"/>
</testsuite> <!-- Edwiser Synchronization Settings -->
