<?xml version="1.0" encoding="UTF-8"?>
<!-- Generated by org.testng.reporters.JUnitXMLReporter -->
<testsuite hostname="DESKTOP-I34A2MO" ignored="0" name="Edwiser Link Users with Moodle" tests="4" failures="0" timestamp="19 Jun 2020 05:54:33 GMT" time="22.964" errors="0">
  <testcase name="linkUserFromBulkAction" time="5.893" classname="com.edwiser.EdwiserBridge.LinkUnlinkUser"/>
  <testcase name="unlinkUserFromBulkAction" time="4.383" classname="com.edwiser.EdwiserBridge.LinkUnlinkUser"/>
  <testcase name="linkUserFromLinkUnlinkLink" time="3.537" classname="com.edwiser.EdwiserBridge.LinkUnlinkUser"/>
  <testcase name="unlinkUserFromLinkUnlinkLink" time="3.986" classname="com.edwiser.EdwiserBridge.LinkUnlinkUser"/>
</testsuite> <!-- Edwiser Link Users with Moodle -->
