<?xml version="1.0" encoding="UTF-8"?>
<!-- Generated by org.testng.reporters.JUnitXMLReporter -->
<testsuite hostname="DESKTOP-I34A2MO" ignored="0" name="Edwiser Purchase Course From Front End" tests="3" failures="0" timestamp="19 Jun 2020 06:14:37 GMT" time="126.88" errors="0">
  <testcase name="purchaseFreeCourseForNewUser" time="26.788" classname="com.edwiser.EdwiserBridge.FrontEndCoursePurchase"/>
  <testcase name="purchaseExpireAccessEnabledCourse" time="18.65" classname="com.edwiser.EdwiserBridge.FrontEndCoursePurchase"/>
  <testcase name="purchasePaidCourse" time="63.923" classname="com.edwiser.EdwiserBridge.FrontEndCoursePurchase"/>
</testsuite> <!-- Edwiser Purchase Course From Front End -->
