<?xml version="1.0" encoding="UTF-8"?>
<!-- Generated by org.testng.reporters.JUnitXMLReporter -->
<testsuite hostname="DESKTOP-I34A2MO" ignored="0" name="Edwiser Set Course Type and Check From FrontEnd" tests="3" failures="0" timestamp="19 Jun 2020 06:12:30 GMT" time="29.299" errors="0">
  <testcase name="makeCoursePaidAndAddPrice" time="8.659" classname="com.edwiser.EdwiserBridge.CourseTypeSettings"/>
  <testcase name="makeCourseClosedAndRedirectionURL" time="8.142" classname="com.edwiser.EdwiserBridge.CourseTypeSettings"/>
  <testcase name="setCourseExpireAccessDays" time="7.687" classname="com.edwiser.EdwiserBridge.CourseTypeSettings"/>
</testsuite> <!-- Edwiser Set Course Type and Check From FrontEnd -->
