<?xml version="1.0" encoding="UTF-8"?>
<!-- Generated by org.testng.reporters.JUnitXMLReporter -->
<testsuite hostname="DESKTOP-I34A2MO" ignored="0" name="Edwiser User Account Page" tests="3" failures="0" timestamp="19 Jun 2020 05:58:59 GMT" time="78.86" errors="0">
  <testcase name="editUserDetailsFromUserAccountPage" time="23.578" classname="com.edwiser.EdwiserBridge.UserAccountPageEditUserDetails"/>
  <testcase name="checkEnrolledCoursesOnUserAccountPage" time="28.602" classname="com.edwiser.EdwiserBridge.UserAccountPageEditUserDetails"/>
  <testcase name="checkUnenrolledCoursesOnUserAccountPage" time="26.651" classname="com.edwiser.EdwiserBridge.UserAccountPageEditUserDetails"/>
</testsuite> <!-- Edwiser User Account Page -->
