<?xml version="1.0" encoding="UTF-8"?>
<!-- Generated by org.testng.reporters.JUnitXMLReporter -->
<testsuite hostname="DESKTOP-I34A2MO" ignored="0" name="Edwiser General Settings" tests="7" failures="1" timestamp="19 Jun 2020 06:32:40 GMT" time="137.618" errors="0">
  <testcase name="disableUserCreation" time="32.13" classname="com.edwiser.EdwiserBridge.GeneralSettings"/>
  <testcase name="enableUserCreation" time="10.458" classname="com.edwiser.EdwiserBridge.GeneralSettings"/>
  <testcase name="enableMyCoursesRedirection" time="11.574" classname="com.edwiser.EdwiserBridge.GeneralSettings"/>
  <testcase name="SetEmptyMycoursesPageRedirectLink" time="15.178" classname="com.edwiser.EdwiserBridge.GeneralSettings"/>
  <testcase name="EnableTnConUsserAccount" time="13.206" classname="com.edwiser.EdwiserBridge.GeneralSettings"/>
  <testcase name="EnableDefaultRecommendedCourses" time="30.113" classname="com.edwiser.EdwiserBridge.GeneralSettings"/>
  <testcase name="EnableSelectedRecommendedCourses" time="24.696" classname="com.edwiser.EdwiserBridge.GeneralSettings">
    <failure type="java.lang.AssertionError" message="Recommended Courses Section not Shown on My Courses Page expected [false] but found [true]">
      <![CDATA[java.lang.AssertionError: Recommended Courses Section not Shown on My Courses Page expected [false] but found [true]
at com.edwiser.EdwiserBridge.GeneralSettings.EnableSelectedRecommendedCourses(GeneralSettings.java:487)
... Removed 28 stack frames]]>
    </failure>
  </testcase> <!-- EnableSelectedRecommendedCourses -->
</testsuite> <!-- Edwiser General Settings -->
