<?xml version="1.0" encoding="UTF-8"?>
<testng-results ignored="0" total="1" passed="1" failed="0" skipped="0">
  <reporter-output>
  </reporter-output>
  <suite started-at="2023-04-24T11:05:22 IST" name="Edwiser Test Suite" finished-at="2023-04-24T11:05:47 IST" duration-ms="25602">
    <groups>
    </groups>
    <test started-at="2023-04-24T11:05:22 IST" name="RunProject SetUp First" finished-at="2023-04-24T11:05:22 IST" duration-ms="11">
    </test> <!-- RunProject SetUp First -->
    <test started-at="2023-04-24T11:05:22 IST" name="General Settings" finished-at="2023-04-24T11:05:47 IST" duration-ms="25450">
      <class name="setUp.projectSetUp">
        <test-method is-config="true" signature="DriverSetUp(java.lang.String,java.lang.String)[pri:0, instance:setUp.projectSetUp@3b6ddd1d]" started-at="2023-04-24T11:05:17 IST" name="DriverSetUp" finished-at="2023-04-24T11:05:22 IST" duration-ms="4997" status="PASS">
          <params>
            <param index="0">
              <value>
                <![CDATA[Chrome]]>
              </value>
            </param>
            <param index="1">
              <value>
                <![CDATA[Drivers\\chromedriver.exe]]>
              </value>
            </param>
          </params>
          <reporter-output>
          </reporter-output>
        </test-method> <!-- DriverSetUp -->
        <test-method is-config="true" signature="AfterClass()[pri:0, instance:setUp.projectSetUp@3b6ddd1d]" started-at="2023-04-24T11:05:47 IST" name="AfterClass" finished-at="2023-04-24T11:05:48 IST" duration-ms="624" status="PASS">
          <reporter-output>
          </reporter-output>
        </test-method> <!-- AfterClass -->
      </class> <!-- setUp.projectSetUp -->
      <class name="IR.Overview_Settings">
        <test-method is-config="true" signature="connectionSettingsSetUp(java.lang.String,java.lang.String,java.lang.String)[pri:0, instance:IR.Overview_Settings@59505b48]" started-at="2023-04-24T11:05:22 IST" name="connectionSettingsSetUp" finished-at="2023-04-24T11:05:33 IST" duration-ms="11294" status="PASS">
          <params>
            <param index="0">
              <value>
                <![CDATA[https://qa-ir.wisdmlabs.net/]]>
              </value>
            </param>
            <param index="1">
              <value>
                <![CDATA[admin]]>
              </value>
            </param>
            <param index="2">
              <value>
                <![CDATA[^SWEE9iEK60TEwrRY#]]>
              </value>
            </param>
          </params>
          <reporter-output>
          </reporter-output>
        </test-method> <!-- connectionSettingsSetUp -->
        <test-method signature="EnableCourseBlock(java.lang.String,java.lang.String)[pri:1, instance:IR.Overview_Settings@59505b48]" started-at="2023-04-24T11:05:33 IST" name="EnableCourseBlock" finished-at="2023-04-24T11:05:47 IST" duration-ms="14104" status="PASS">
          <params>
            <param index="0">
              <value>
                <![CDATA[instructor]]>
              </value>
            </param>
            <param index="1">
              <value>
                <![CDATA[instructor]]>
              </value>
            </param>
          </params>
          <reporter-output>
          </reporter-output>
        </test-method> <!-- EnableCourseBlock -->
      </class> <!-- IR.Overview_Settings -->
    </test> <!-- General Settings -->
  </suite> <!-- Edwiser Test Suite -->
</testng-results>
